{"timestamp":"2025-12-31T14:43:52.367193Z","level":"info","event":"DAG bundles loaded: dags-folder","logger":"airflow.dag_processing.bundles.manager.DagBundlesManager","filename":"manager.py","lineno":179}
{"timestamp":"2025-12-31T14:43:52.367912Z","level":"info","event":"Filling up the DagBag from /opt/airflow/dags/raw/player/raw_player_ingestion.py","logger":"airflow.models.dagbag.DagBag","filename":"dagbag.py","lineno":593}
{"timestamp":"2025-12-31T14:43:52.473410Z","level":"info","event":"#########################################","logger":"root","filename":"raw_player_ingestion.py","lineno":37}
{"timestamp":"2025-12-31T14:43:52.473499Z","level":"info","event":"🪏 EXTRACTION : MASTER ...","logger":"root","filename":"raw_player_ingestion.py","lineno":38}
{"timestamp":"2025-12-31T14:43:52.473546Z","level":"info","event":"#########################################","logger":"root","filename":"raw_player_ingestion.py","lineno":39}
{"timestamp":"2025-12-31T14:43:53.636046Z","level":"info","event":"✅ MASTER : 205 entrées récupérées.","logger":"root","filename":"raw_player_ingestion.py","lineno":46}
{"timestamp":"2025-12-31T14:43:53.636827Z","level":"info","event":"Temps de réponse : 1.16s","logger":"root","filename":"raw_player_ingestion.py","lineno":47}
{"timestamp":"2025-12-31T14:43:53.636969Z","level":"info","event":"#########################################","logger":"root","filename":"raw_player_ingestion.py","lineno":37}
{"timestamp":"2025-12-31T14:43:53.637037Z","level":"info","event":"🪏 EXTRACTION : GRANDMASTER ...","logger":"root","filename":"raw_player_ingestion.py","lineno":38}
{"timestamp":"2025-12-31T14:43:53.637435Z","level":"info","event":"#########################################","logger":"root","filename":"raw_player_ingestion.py","lineno":39}
{"timestamp":"2025-12-31T14:43:53.939390Z","level":"info","event":"✅ GRANDMASTER : 205 entrées récupérées.","logger":"root","filename":"raw_player_ingestion.py","lineno":46}
{"timestamp":"2025-12-31T14:43:53.939991Z","level":"info","event":"Temps de réponse : 0.29s","logger":"root","filename":"raw_player_ingestion.py","lineno":47}
{"timestamp":"2025-12-31T14:43:53.940109Z","level":"info","event":"#########################################","logger":"root","filename":"raw_player_ingestion.py","lineno":37}
{"timestamp":"2025-12-31T14:43:53.940528Z","level":"info","event":"🪏 EXTRACTION : CHALLENGER ...","logger":"root","filename":"raw_player_ingestion.py","lineno":38}
{"timestamp":"2025-12-31T14:43:53.940776Z","level":"info","event":"#########################################","logger":"root","filename":"raw_player_ingestion.py","lineno":39}
{"timestamp":"2025-12-31T14:43:54.202665Z","level":"info","event":"✅ CHALLENGER : 205 entrées récupérées.","logger":"root","filename":"raw_player_ingestion.py","lineno":46}
{"timestamp":"2025-12-31T14:43:54.203429Z","level":"info","event":"Temps de réponse : 0.24s","logger":"root","filename":"raw_player_ingestion.py","lineno":47}
{"timestamp":"2025-12-31T14:43:54.203735Z","level":"info","event":"","logger":"root","filename":"raw_player_ingestion.py","lineno":61}
{"timestamp":"2025-12-31T14:43:54.203974Z","level":"info","event":"✅ Extraction terminée pour CHALLENGER!","logger":"root","filename":"raw_player_ingestion.py","lineno":62}
{"timestamp":"2025-12-31T14:43:54.206126Z","level":"info","event":"Done. Returned value was: None","logger":"airflow.task.operators.airflow.providers.standard.decorators.python._PythonDecoratedOperator","filename":"python.py","lineno":217}
