{"timestamp":"2025-12-31T14:44:44.909489Z","level":"info","event":"DAG bundles loaded: dags-folder","logger":"airflow.dag_processing.bundles.manager.DagBundlesManager","filename":"manager.py","lineno":179}
{"timestamp":"2025-12-31T14:44:44.911629Z","level":"info","event":"Filling up the DagBag from /opt/airflow/dags/raw/player/raw_player_ingestion.py","logger":"airflow.models.dagbag.DagBag","filename":"dagbag.py","lineno":593}
{"timestamp":"2025-12-31T14:44:44.954951Z","level":"info","event":"#########################################","logger":"root","filename":"raw_player_ingestion.py","lineno":37}
{"timestamp":"2025-12-31T14:44:44.955013Z","level":"info","event":"🪏 EXTRACTION : MASTER ...","logger":"root","filename":"raw_player_ingestion.py","lineno":38}
{"timestamp":"2025-12-31T14:44:44.955041Z","level":"info","event":"#########################################","logger":"root","filename":"raw_player_ingestion.py","lineno":39}
{"timestamp":"2025-12-31T14:44:46.056108Z","level":"info","event":"✅ MASTER : 205 entrées récupérées.","logger":"root","filename":"raw_player_ingestion.py","lineno":46}
{"timestamp":"2025-12-31T14:44:46.057492Z","level":"info","event":"Temps de réponse : 1.10s","logger":"root","filename":"raw_player_ingestion.py","lineno":47}
{"timestamp":"2025-12-31T14:44:46.057581Z","level":"info","event":"#########################################","logger":"root","filename":"raw_player_ingestion.py","lineno":37}
{"timestamp":"2025-12-31T14:44:46.057637Z","level":"info","event":"🪏 EXTRACTION : GRANDMASTER ...","logger":"root","filename":"raw_player_ingestion.py","lineno":38}
{"timestamp":"2025-12-31T14:44:46.057689Z","level":"info","event":"#########################################","logger":"root","filename":"raw_player_ingestion.py","lineno":39}
{"timestamp":"2025-12-31T14:44:46.573923Z","level":"info","event":"✅ GRANDMASTER : 205 entrées récupérées.","logger":"root","filename":"raw_player_ingestion.py","lineno":46}
{"timestamp":"2025-12-31T14:44:46.574513Z","level":"info","event":"Temps de réponse : 0.51s","logger":"root","filename":"raw_player_ingestion.py","lineno":47}
{"timestamp":"2025-12-31T14:44:46.574586Z","level":"info","event":"#########################################","logger":"root","filename":"raw_player_ingestion.py","lineno":37}
{"timestamp":"2025-12-31T14:44:46.574670Z","level":"info","event":"🪏 EXTRACTION : CHALLENGER ...","logger":"root","filename":"raw_player_ingestion.py","lineno":38}
{"timestamp":"2025-12-31T14:44:46.574722Z","level":"info","event":"#########################################","logger":"root","filename":"raw_player_ingestion.py","lineno":39}
{"timestamp":"2025-12-31T14:44:46.974587Z","level":"info","event":"✅ CHALLENGER : 205 entrées récupérées.","logger":"root","filename":"raw_player_ingestion.py","lineno":46}
{"timestamp":"2025-12-31T14:44:46.974733Z","level":"info","event":"Temps de réponse : 0.40s","logger":"root","filename":"raw_player_ingestion.py","lineno":47}
{"timestamp":"2025-12-31T14:44:46.974788Z","level":"info","event":"","logger":"root","filename":"raw_player_ingestion.py","lineno":61}
{"timestamp":"2025-12-31T14:44:46.974834Z","level":"info","event":"✅ Extraction terminée pour CHALLENGER!","logger":"root","filename":"raw_player_ingestion.py","lineno":62}
{"timestamp":"2025-12-31T14:44:46.975909Z","level":"info","event":"Done. Returned value was: None","logger":"airflow.task.operators.airflow.providers.standard.decorators.python._PythonDecoratedOperator","filename":"python.py","lineno":217}
