{"timestamp":"2025-12-31T13:47:32.152142Z","level":"info","event":"DAG bundles loaded: dags-folder","logger":"airflow.dag_processing.bundles.manager.DagBundlesManager","filename":"manager.py","lineno":179}
{"timestamp":"2025-12-31T13:47:32.152633Z","level":"info","event":"Filling up the DagBag from /opt/airflow/dags/raw/player/raw_player_ingestion.py","logger":"airflow.models.dagbag.DagBag","filename":"dagbag.py","lineno":593}
{"timestamp":"2025-12-31T13:47:32.173398Z","level":"info","event":"###########################","logger":"root","filename":"raw_player_ingestion.py","lineno":37}
{"timestamp":"2025-12-31T13:47:32.173455Z","level":"info","event":"EXTRATION : MASTER ...","logger":"root","filename":"raw_player_ingestion.py","lineno":38}
{"timestamp":"2025-12-31T13:47:32.173480Z","level":"info","event":"###########################","logger":"root","filename":"raw_player_ingestion.py","lineno":39}
{"timestamp":"2025-12-31T13:47:33.395102Z","level":"info","event":"✅ MASTER : 205 entrées récupérées.","logger":"root","filename":"raw_player_ingestion.py","lineno":46}
{"timestamp":"2025-12-31T13:47:33.395801Z","level":"info","event":"Temps de réponse : 1.22s","logger":"root","filename":"raw_player_ingestion.py","lineno":47}
{"timestamp":"2025-12-31T13:47:33.395922Z","level":"info","event":"###########################","logger":"root","filename":"raw_player_ingestion.py","lineno":37}
{"timestamp":"2025-12-31T13:47:33.395988Z","level":"info","event":"EXTRATION : GRANDMASTER ...","logger":"root","filename":"raw_player_ingestion.py","lineno":38}
{"timestamp":"2025-12-31T13:47:33.396046Z","level":"info","event":"###########################","logger":"root","filename":"raw_player_ingestion.py","lineno":39}
{"timestamp":"2025-12-31T13:47:33.687326Z","level":"info","event":"✅ GRANDMASTER : 205 entrées récupérées.","logger":"root","filename":"raw_player_ingestion.py","lineno":46}
{"timestamp":"2025-12-31T13:47:33.687634Z","level":"info","event":"Temps de réponse : 0.28s","logger":"root","filename":"raw_player_ingestion.py","lineno":47}
{"timestamp":"2025-12-31T13:47:33.687719Z","level":"info","event":"###########################","logger":"root","filename":"raw_player_ingestion.py","lineno":37}
{"timestamp":"2025-12-31T13:47:33.687779Z","level":"info","event":"EXTRATION : CHALLENGER ...","logger":"root","filename":"raw_player_ingestion.py","lineno":38}
{"timestamp":"2025-12-31T13:47:33.687838Z","level":"info","event":"###########################","logger":"root","filename":"raw_player_ingestion.py","lineno":39}
{"timestamp":"2025-12-31T13:47:33.942043Z","level":"info","event":"✅ CHALLENGER : 205 entrées récupérées.","logger":"root","filename":"raw_player_ingestion.py","lineno":46}
{"timestamp":"2025-12-31T13:47:33.942356Z","level":"info","event":"Temps de réponse : 0.25s","logger":"root","filename":"raw_player_ingestion.py","lineno":47}
{"timestamp":"2025-12-31T13:47:33.942436Z","level":"info","event":"","logger":"root","filename":"raw_player_ingestion.py","lineno":62}
{"timestamp":"2025-12-31T13:47:33.942500Z","level":"info","event":"✅ Extraction terminée pour CHALLENGER!","logger":"root","filename":"raw_player_ingestion.py","lineno":63}
{"timestamp":"2025-12-31T13:47:33.942564Z","level":"info","event":"Pour Tier CHALLENGER : 205 entrées récupérées.","logger":"root","filename":"raw_player_ingestion.py","lineno":64}
{"timestamp":"2025-12-31T13:47:33.944868Z","level":"info","event":"Done. Returned value was: None","logger":"airflow.task.operators.airflow.providers.standard.decorators.python._PythonDecoratedOperator","filename":"python.py","lineno":217}
